<?xml version="1.0" encoding="UTF-8"?>
<!-- Generated by org.testng.reporters.JUnitXMLReporter -->
<testsuite ignored="0" hostname="DESKTOP-KP57JNV" failures="0" tests="12" name="Default test" time="0.583" errors="0" timestamp="2024-11-12T04:07:14 IST">
  <testcase classname="dataproviderdemoclass" name="getUserName" time="0.05"/>
  <testcase classname="dataproviderdemoclass" name="getUserName" time="0.01"/>
  <testcase classname="dataproviderdemoclass" name="getempNameMobileDetails" time="0.005"/>
  <testcase classname="dataproviderdemoclass" name="getempDetails" time="0.006"/>
  <testcase classname="dataproviderdemoclass" name="getempDetails" time="0.013"/>
  <testcase classname="dataproviderdemoclass" name="getListUserNames" time="0.01"/>
  <testcase classname="dataproviderdemoclass" name="getListUserNames" time="0.008"/>
  <testcase classname="dataproviderdemoclass" name="getListUserNames" time="0.014"/>
  <testcase classname="dataproviderdemoclass" name="getListUserNames" time="0.006"/>
  <testcase classname="dataproviderdemoclass" name="getListUserNames" time="0.006"/>
  <testcase classname="dataproviderdemoclass" name="getListEmpDetails" time="0.008"/>
  <testcase classname="dataproviderdemoclass" name="getListEmpDetails" time="0.022"/>
</testsuite> <!-- Default test -->
