<?xml version="1.0" encoding="UTF-8"?>
<testng-results ignored="0" total="1" passed="1" failed="0" skipped="0">
  <reporter-output>
  </reporter-output>
  <suite started-at="2024-11-22T16:57:39 IST" name="Suite" finished-at="2024-11-22T17:02:29 IST" duration-ms="290027">
    <groups>
    </groups>
    <test started-at="2024-11-22T16:57:39 IST" name="Test" finished-at="2024-11-22T17:02:29 IST" duration-ms="290027">
      <class name="com.cyclos.testcases.PaymentTestCase">
        <test-method is-config="true" signature="setUp()[pri:0, instance:com.cyclos.testcases.PaymentTestCase@3857f613]" started-at="2024-11-22T16:57:42 IST" name="setUp" finished-at="2024-11-22T16:58:20 IST" duration-ms="38565" status="PASS">
          <reporter-output>
          </reporter-output>
        </test-method> <!-- setUp -->
        <test-method signature="paymentTest()[pri:0, instance:com.cyclos.testcases.PaymentTestCase@3857f613]" started-at="2024-11-22T16:58:20 IST" name="paymentTest" finished-at="2024-11-22T17:02:25 IST" duration-ms="245103" status="PASS">
          <reporter-output>
          </reporter-output>
        </test-method> <!-- paymentTest -->
        <test-method is-config="true" signature="tearDown()[pri:0, instance:com.cyclos.testcases.PaymentTestCase@3857f613]" started-at="2024-11-22T17:02:26 IST" name="tearDown" finished-at="2024-11-22T17:02:29 IST" duration-ms="3032" status="PASS">
          <reporter-output>
          </reporter-output>
        </test-method> <!-- tearDown -->
      </class> <!-- com.cyclos.testcases.PaymentTestCase -->
    </test> <!-- Test -->
  </suite> <!-- Suite -->
</testng-results>
